-- Found ament_cmake: 2.5.4 (/opt/ros/jazzy/share/ament_cmake/cmake)
-- Found Python3: /usr/bin/python3 (found version "3.12.3") found components: Interpreter 
-- Override CMake install command with custom implementation using symlinks instead of copying resources
-- Found ament_lint_auto: 0.17.2 (/opt/ros/jazzy/share/ament_lint_auto/cmake)
-- Added test 'flake8' to check Python code syntax and style conventions
-- Configured 'flake8' exclude dirs and/or files: 
-- Added test 'lint_cmake' to check CMake code style
-- Added test 'pep257' to check Python code against some of the docstring style conventions in PEP 257
-- Added test 'xmllint' to check XML markup files
-- Configuring done (0.7s)
-- Generating done (0.0s)
-- Build files have been written to: /home/krobed/EL7009/Robotics/build/el7009_diff_drive_robot
-- Install configuration: ""
-- Execute custom install script
-- Symlinking: /home/krobed/EL7009/Robotics/install/el7009_diff_drive_robot/share/el7009_diff_drive_robot/launch/__pycache__/robot.launch.cpython-312.pyc
-- Symlinking: /home/krobed/EL7009/Robotics/install/el7009_diff_drive_robot/share/el7009_diff_drive_robot/launch/dwa.launch.py
-- Symlinking: /home/krobed/EL7009/Robotics/install/el7009_diff_drive_robot/share/el7009_diff_drive_robot/launch/localization.launch.py
-- Symlinking: /home/krobed/EL7009/Robotics/install/el7009_diff_drive_robot/share/el7009_diff_drive_robot/launch/robot.launch.py
-- Symlinking: /home/krobed/EL7009/Robotics/install/el7009_diff_drive_robot/share/el7009_diff_drive_robot/launch/rrt.launch.py
-- Symlinking: /home/krobed/EL7009/Robotics/install/el7009_diff_drive_robot/share/el7009_diff_drive_robot/launch/rsp.launch.py
-- Symlinking: /home/krobed/EL7009/Robotics/install/el7009_diff_drive_robot/share/el7009_diff_drive_robot/urdf/gazebo_control.xacro
-- Symlinking: /home/krobed/EL7009/Robotics/install/el7009_diff_drive_robot/share/el7009_diff_drive_robot/urdf/inertial_macros.xacro
-- Symlinking: /home/krobed/EL7009/Robotics/install/el7009_diff_drive_robot/share/el7009_diff_drive_robot/urdf/lidar.xacro
-- Symlinking: /home/krobed/EL7009/Robotics/install/el7009_diff_drive_robot/share/el7009_diff_drive_robot/urdf/robot.urdf.xacro
-- Symlinking: /home/krobed/EL7009/Robotics/install/el7009_diff_drive_robot/share/el7009_diff_drive_robot/urdf/robot_core.xacro
-- Symlinking: /home/krobed/EL7009/Robotics/install/el7009_diff_drive_robot/share/el7009_diff_drive_robot/config/gz_bridge.yaml
-- Symlinking: /home/krobed/EL7009/Robotics/install/el7009_diff_drive_robot/share/el7009_diff_drive_robot/config/localization_params.yaml
-- Symlinking: /home/krobed/EL7009/Robotics/install/el7009_diff_drive_robot/share/el7009_diff_drive_robot/worlds/box_obstacle.sdf
-- Symlinking: /home/krobed/EL7009/Robotics/install/el7009_diff_drive_robot/share/el7009_diff_drive_robot/worlds/empty.world
-- Symlinking: /home/krobed/EL7009/Robotics/install/el7009_diff_drive_robot/share/el7009_diff_drive_robot/worlds/industrial-warehouse.sdf
-- Symlinking: /home/krobed/EL7009/Robotics/install/el7009_diff_drive_robot/share/el7009_diff_drive_robot/worlds/obstacles.world
-- Symlinking: /home/krobed/EL7009/Robotics/install/el7009_diff_drive_robot/share/el7009_diff_drive_robot/rviz/bot.rviz
-- Symlinking: /home/krobed/EL7009/Robotics/install/el7009_diff_drive_robot/lib/el7009_diff_drive_robot/dwa_node.py
-- Symlinking: /home/krobed/EL7009/Robotics/install/el7009_diff_drive_robot/lib/el7009_diff_drive_robot/rrt_star_node.py
-- Symlinking: /home/krobed/EL7009/Robotics/install/el7009_diff_drive_robot/lib/el7009_diff_drive_robot/plotpose.py
-- Symlinking: /home/krobed/EL7009/Robotics/install/el7009_diff_drive_robot/lib/el7009_diff_drive_robot/gttf.py
-- Symlinking: /home/krobed/EL7009/Robotics/install/el7009_diff_drive_robot/lib/el7009_diff_drive_robot/obstacle.py
-- Symlinking: /home/krobed/EL7009/Robotics/install/el7009_diff_drive_robot/lib/el7009_diff_drive_robot/send_goal.py
-- Symlinking: /home/krobed/EL7009/Robotics/install/el7009_diff_drive_robot/share/ament_index/resource_index/package_run_dependencies/el7009_diff_drive_robot
-- Symlinking: /home/krobed/EL7009/Robotics/install/el7009_diff_drive_robot/share/ament_index/resource_index/parent_prefix_path/el7009_diff_drive_robot
-- Symlinking: /home/krobed/EL7009/Robotics/install/el7009_diff_drive_robot/share/el7009_diff_drive_robot/environment/ament_prefix_path.sh
-- Symlinking: /home/krobed/EL7009/Robotics/install/el7009_diff_drive_robot/share/el7009_diff_drive_robot/environment/ament_prefix_path.dsv
-- Symlinking: /home/krobed/EL7009/Robotics/install/el7009_diff_drive_robot/share/el7009_diff_drive_robot/environment/path.sh
-- Symlinking: /home/krobed/EL7009/Robotics/install/el7009_diff_drive_robot/share/el7009_diff_drive_robot/environment/path.dsv
-- Symlinking: /home/krobed/EL7009/Robotics/install/el7009_diff_drive_robot/share/el7009_diff_drive_robot/local_setup.bash
-- Symlinking: /home/krobed/EL7009/Robotics/install/el7009_diff_drive_robot/share/el7009_diff_drive_robot/local_setup.sh
-- Symlinking: /home/krobed/EL7009/Robotics/install/el7009_diff_drive_robot/share/el7009_diff_drive_robot/local_setup.zsh
-- Symlinking: /home/krobed/EL7009/Robotics/install/el7009_diff_drive_robot/share/el7009_diff_drive_robot/local_setup.dsv
-- Symlinking: /home/krobed/EL7009/Robotics/install/el7009_diff_drive_robot/share/el7009_diff_drive_robot/package.dsv
-- Symlinking: /home/krobed/EL7009/Robotics/install/el7009_diff_drive_robot/share/ament_index/resource_index/packages/el7009_diff_drive_robot
-- Symlinking: /home/krobed/EL7009/Robotics/install/el7009_diff_drive_robot/share/el7009_diff_drive_robot/cmake/el7009_diff_drive_robotConfig.cmake
-- Symlinking: /home/krobed/EL7009/Robotics/install/el7009_diff_drive_robot/share/el7009_diff_drive_robot/cmake/el7009_diff_drive_robotConfig-version.cmake
-- Symlinking: /home/krobed/EL7009/Robotics/install/el7009_diff_drive_robot/share/el7009_diff_drive_robot/package.xml
