[0.024s] Invoking command in '/home/krobed/EL7009/Robotics/build/amcl_launch': CMAKE_PREFIX_PATH=${CMAKE_PREFIX_PATH}:/opt/ros/jazzy DEBUGINFOD_URLS=https://debuginfod.ubuntu.com /usr/bin/cmake --build /home/krobed/EL7009/Robotics/build/amcl_launch -- -j4 -l4
[0.080s] Invoked command in '/home/krobed/EL7009/Robotics/build/amcl_launch' returned '0': CMAKE_PREFIX_PATH=${CMAKE_PREFIX_PATH}:/opt/ros/jazzy DEBUGINFOD_URLS=https://debuginfod.ubuntu.com /usr/bin/cmake --build /home/krobed/EL7009/Robotics/build/amcl_launch -- -j4 -l4
[0.091s] Invoking command in '/home/krobed/EL7009/Robotics/build/amcl_launch': CMAKE_PREFIX_PATH=${CMAKE_PREFIX_PATH}:/opt/ros/jazzy DEBUGINFOD_URLS=https://debuginfod.ubuntu.com /usr/bin/cmake --install /home/krobed/EL7009/Robotics/build/amcl_launch
[0.103s] -- Install configuration: ""
[0.105s] -- Execute custom install script
[0.106s] -- Up-to-date symlink: /home/krobed/EL7009/Robotics/install/amcl_launch/share/amcl_launch/launch/amcl.launch.py
[0.106s] -- Up-to-date symlink: /home/krobed/EL7009/Robotics/install/amcl_launch/share/amcl_launch/launch/teleop.launch.py
[0.106s] -- Up-to-date symlink: /home/krobed/EL7009/Robotics/install/amcl_launch/share/amcl_launch/launch/teleop_keyboard.launch.py
[0.107s] -- Up-to-date symlink: /home/krobed/EL7009/Robotics/install/amcl_launch/share/amcl_launch/map/inflation.py
[0.107s] -- Up-to-date symlink: /home/krobed/EL7009/Robotics/install/amcl_launch/share/amcl_launch/map/localization_map.yaml
[0.108s] -- Up-to-date symlink: /home/krobed/EL7009/Robotics/install/amcl_launch/share/amcl_launch/map/map_ekf.txt
[0.109s] -- Up-to-date symlink: /home/krobed/EL7009/Robotics/install/amcl_launch/share/amcl_launch/map/mapa.pgm
[0.109s] -- Up-to-date symlink: /home/krobed/EL7009/Robotics/install/amcl_launch/share/amcl_launch/map/mapa.yaml
[0.110s] -- Up-to-date symlink: /home/krobed/EL7009/Robotics/install/amcl_launch/share/amcl_launch/config/amcl.yaml
[0.110s] -- Up-to-date symlink: /home/krobed/EL7009/Robotics/install/amcl_launch/share/amcl_launch/config/map_server.yaml
[0.111s] -- Up-to-date symlink: /home/krobed/EL7009/Robotics/install/amcl_launch/share/ament_index/resource_index/package_run_dependencies/amcl_launch
[0.111s] -- Up-to-date symlink: /home/krobed/EL7009/Robotics/install/amcl_launch/share/ament_index/resource_index/parent_prefix_path/amcl_launch
[0.113s] -- Up-to-date symlink: /home/krobed/EL7009/Robotics/install/amcl_launch/share/amcl_launch/environment/ament_prefix_path.sh
[0.113s] -- Up-to-date symlink: /home/krobed/EL7009/Robotics/install/amcl_launch/share/amcl_launch/environment/ament_prefix_path.dsv
[0.114s] -- Up-to-date symlink: /home/krobed/EL7009/Robotics/install/amcl_launch/share/amcl_launch/environment/path.sh
[0.115s] -- Up-to-date symlink: /home/krobed/EL7009/Robotics/install/amcl_launch/share/amcl_launch/environment/path.dsv
[0.115s] -- Up-to-date symlink: /home/krobed/EL7009/Robotics/install/amcl_launch/share/amcl_launch/local_setup.bash
[0.118s] -- Up-to-date symlink: /home/krobed/EL7009/Robotics/install/amcl_launch/share/amcl_launch/local_setup.sh
[0.118s] -- Up-to-date symlink: /home/krobed/EL7009/Robotics/install/amcl_launch/share/amcl_launch/local_setup.zsh
[0.118s] -- Up-to-date symlink: /home/krobed/EL7009/Robotics/install/amcl_launch/share/amcl_launch/local_setup.dsv
[0.119s] -- Symlinking: /home/krobed/EL7009/Robotics/install/amcl_launch/share/amcl_launch/package.dsv
[0.126s] -- Up-to-date symlink: /home/krobed/EL7009/Robotics/install/amcl_launch/share/ament_index/resource_index/packages/amcl_launch
[0.126s] -- Up-to-date symlink: /home/krobed/EL7009/Robotics/install/amcl_launch/share/amcl_launch/cmake/amcl_launchConfig.cmake
[0.126s] -- Up-to-date symlink: /home/krobed/EL7009/Robotics/install/amcl_launch/share/amcl_launch/cmake/amcl_launchConfig-version.cmake
[0.127s] -- Up-to-date symlink: /home/krobed/EL7009/Robotics/install/amcl_launch/share/amcl_launch/package.xml
[0.129s] Invoked command in '/home/krobed/EL7009/Robotics/build/amcl_launch' returned '0': CMAKE_PREFIX_PATH=${CMAKE_PREFIX_PATH}:/opt/ros/jazzy DEBUGINFOD_URLS=https://debuginfod.ubuntu.com /usr/bin/cmake --install /home/krobed/EL7009/Robotics/build/amcl_launch
