[0.013s] Invoking command in '/home/krobed/EL7009/Robotics/build/amcl_launch': DEBUGINFOD_URLS=https://debuginfod.ubuntu.com /usr/bin/cmake /home/krobed/EL7009/Robotics/amcl_launch -DAMENT_CMAKE_SYMLINK_INSTALL=1 -DCMAKE_INSTALL_PREFIX=/home/krobed/EL7009/Robotics/install/amcl_launch
[0.098s] -- The C compiler identification is GNU 13.3.0
[0.186s] -- The CXX compiler identification is GNU 13.3.0
[0.211s] -- Detecting C compiler ABI info
[0.332s] -- Detecting C compiler ABI info - done
[0.347s] -- Check for working C compiler: /usr/bin/cc - skipped
[0.347s] -- Detecting C compile features
[0.348s] -- Detecting C compile features - done
[0.359s] -- Detecting CXX compiler ABI info
[0.486s] -- Detecting CXX compiler ABI info - done
[0.500s] -- Check for working CXX compiler: /usr/bin/c++ - skipped
[0.501s] -- Detecting CXX compile features
[0.501s] -- Detecting CXX compile features - done
[0.520s] [31mCMake Error at CMakeLists.txt:9 (find_package):
[0.520s]   By not providing "Findament_cmake.cmake" in CMAKE_MODULE_PATH this project
[0.521s]   has asked CMake to find a package configuration file provided by
[0.521s]   "ament_cmake", but CMake did not find one.
[0.521s] 
[0.521s]   Could not find a package configuration file provided by "ament_cmake" with
[0.521s]   any of the following names:
[0.522s] 
[0.522s]     ament_cmakeConfig.cmake
[0.522s]     ament_cmake-config.cmake
[0.522s] 
[0.522s]   Add the installation prefix of "ament_cmake" to CMAKE_PREFIX_PATH or set
[0.523s]   "ament_cmake_DIR" to a directory containing one of the above files.  If
[0.523s]   "ament_cmake" provides a separate development package or SDK, be sure it
[0.523s]   has been installed.
[0.524s] 
[0.524s] [0m
[0.524s] -- Configuring incomplete, errors occurred!
[0.527s] Invoked command in '/home/krobed/EL7009/Robotics/build/amcl_launch' returned '1': DEBUGINFOD_URLS=https://debuginfod.ubuntu.com /usr/bin/cmake /home/krobed/EL7009/Robotics/amcl_launch -DAMENT_CMAKE_SYMLINK_INSTALL=1 -DCMAKE_INSTALL_PREFIX=/home/krobed/EL7009/Robotics/install/amcl_launch
