[0.011s] Invoking command in '/home/krobed/EL7009/Robotics/build/el7009_diff_drive_robot': DEBUGINFOD_URLS=https://debuginfod.ubuntu.com /usr/bin/cmake /home/krobed/EL7009/Robotics/el7009_diff_drive_robot -DAMENT_CMAKE_SYMLINK_INSTALL=1 -DCMAKE_INSTALL_PREFIX=/home/krobed/EL7009/Robotics/install/el7009_diff_drive_robot
[0.093s] -- The C compiler identification is GNU 13.3.0
[0.178s] -- The CXX compiler identification is GNU 13.3.0
[0.202s] -- Detecting C compiler ABI info
[0.322s] -- Detecting C compiler ABI info - done
[0.337s] -- Check for working C compiler: /usr/bin/cc - skipped
[0.338s] -- Detecting C compile features
[0.338s] -- Detecting C compile features - done
[0.350s] -- Detecting CXX compiler ABI info
[0.476s] -- Detecting CXX compiler ABI info - done
[0.490s] -- Check for working CXX compiler: /usr/bin/c++ - skipped
[0.490s] -- Detecting CXX compile features
[0.491s] -- Detecting CXX compile features - done
[0.509s] [31mCMake Error at CMakeLists.txt:9 (find_package):
[0.509s]   By not providing "Findament_cmake.cmake" in CMAKE_MODULE_PATH this project
[0.510s]   has asked CMake to find a package configuration file provided by
[0.510s]   "ament_cmake", but CMake did not find one.
[0.510s] 
[0.510s]   Could not find a package configuration file provided by "ament_cmake" with
[0.511s]   any of the following names:
[0.511s] 
[0.511s]     ament_cmakeConfig.cmake
[0.511s]     ament_cmake-config.cmake
[0.511s] 
[0.511s]   Add the installation prefix of "ament_cmake" to CMAKE_PREFIX_PATH or set
[0.511s]   "ament_cmake_DIR" to a directory containing one of the above files.  If
[0.512s]   "ament_cmake" provides a separate development package or SDK, be sure it
[0.512s]   has been installed.
[0.512s] 
[0.512s] [0m
[0.512s] -- Configuring incomplete, errors occurred!
[0.517s] Invoked command in '/home/krobed/EL7009/Robotics/build/el7009_diff_drive_robot' returned '1': DEBUGINFOD_URLS=https://debuginfod.ubuntu.com /usr/bin/cmake /home/krobed/EL7009/Robotics/el7009_diff_drive_robot -DAMENT_CMAKE_SYMLINK_INSTALL=1 -DCMAKE_INSTALL_PREFIX=/home/krobed/EL7009/Robotics/install/el7009_diff_drive_robot
