[0.031s] Invoking command in '/home/krobed/EL7009/Robotics/build/amcl_launch': CMAKE_PREFIX_PATH=${CMAKE_PREFIX_PATH}:/opt/ros/jazzy DEBUGINFOD_URLS=https://debuginfod.ubuntu.com /usr/bin/cmake --build /home/krobed/EL7009/Robotics/build/amcl_launch -- -j4 -l4
[0.091s] Invoked command in '/home/krobed/EL7009/Robotics/build/amcl_launch' returned '0': CMAKE_PREFIX_PATH=${CMAKE_PREFIX_PATH}:/opt/ros/jazzy DEBUGINFOD_URLS=https://debuginfod.ubuntu.com /usr/bin/cmake --build /home/krobed/EL7009/Robotics/build/amcl_launch -- -j4 -l4
[0.106s] Invoking command in '/home/krobed/EL7009/Robotics/build/amcl_launch': CMAKE_PREFIX_PATH=${CMAKE_PREFIX_PATH}:/opt/ros/jazzy DEBUGINFOD_URLS=https://debuginfod.ubuntu.com /usr/bin/cmake --install /home/krobed/EL7009/Robotics/build/amcl_launch
[0.122s] -- Install configuration: ""
[0.123s] -- Execute custom install script
[0.124s] -- Up-to-date symlink: /home/krobed/EL7009/Robotics/install/amcl_launch/share/amcl_launch/launch/amcl.launch.py
[0.124s] -- Up-to-date symlink: /home/krobed/EL7009/Robotics/install/amcl_launch/share/amcl_launch/launch/teleop.launch.py
[0.124s] -- Up-to-date symlink: /home/krobed/EL7009/Robotics/install/amcl_launch/share/amcl_launch/launch/teleop_keyboard.launch.py
[0.124s] -- Symlinking: /home/krobed/EL7009/Robotics/install/amcl_launch/share/amcl_launch/map/inflation.py
[0.138s] -- Symlinking: /home/krobed/EL7009/Robotics/install/amcl_launch/share/amcl_launch/map/localization_map.yaml
[0.153s] -- Up-to-date symlink: /home/krobed/EL7009/Robotics/install/amcl_launch/share/amcl_launch/map/map_ekf.txt
[0.153s] -- Up-to-date symlink: /home/krobed/EL7009/Robotics/install/amcl_launch/share/amcl_launch/map/mapa.pgm
[0.153s] -- Up-to-date symlink: /home/krobed/EL7009/Robotics/install/amcl_launch/share/amcl_launch/map/mapa.yaml
[0.153s] -- Up-to-date symlink: /home/krobed/EL7009/Robotics/install/amcl_launch/share/amcl_launch/config/amcl.yaml
[0.154s] -- Up-to-date symlink: /home/krobed/EL7009/Robotics/install/amcl_launch/share/amcl_launch/config/map_server.yaml
[0.154s] -- Up-to-date symlink: /home/krobed/EL7009/Robotics/install/amcl_launch/share/ament_index/resource_index/package_run_dependencies/amcl_launch
[0.154s] -- Up-to-date symlink: /home/krobed/EL7009/Robotics/install/amcl_launch/share/ament_index/resource_index/parent_prefix_path/amcl_launch
[0.154s] -- Up-to-date symlink: /home/krobed/EL7009/Robotics/install/amcl_launch/share/amcl_launch/environment/ament_prefix_path.sh
[0.155s] -- Up-to-date symlink: /home/krobed/EL7009/Robotics/install/amcl_launch/share/amcl_launch/environment/ament_prefix_path.dsv
[0.155s] -- Up-to-date symlink: /home/krobed/EL7009/Robotics/install/amcl_launch/share/amcl_launch/environment/path.sh
[0.155s] -- Up-to-date symlink: /home/krobed/EL7009/Robotics/install/amcl_launch/share/amcl_launch/environment/path.dsv
[0.156s] -- Up-to-date symlink: /home/krobed/EL7009/Robotics/install/amcl_launch/share/amcl_launch/local_setup.bash
[0.156s] -- Up-to-date symlink: /home/krobed/EL7009/Robotics/install/amcl_launch/share/amcl_launch/local_setup.sh
[0.156s] -- Up-to-date symlink: /home/krobed/EL7009/Robotics/install/amcl_launch/share/amcl_launch/local_setup.zsh
[0.156s] -- Up-to-date symlink: /home/krobed/EL7009/Robotics/install/amcl_launch/share/amcl_launch/local_setup.dsv
[0.157s] -- Symlinking: /home/krobed/EL7009/Robotics/install/amcl_launch/share/amcl_launch/package.dsv
[0.172s] -- Up-to-date symlink: /home/krobed/EL7009/Robotics/install/amcl_launch/share/ament_index/resource_index/packages/amcl_launch
[0.172s] -- Up-to-date symlink: /home/krobed/EL7009/Robotics/install/amcl_launch/share/amcl_launch/cmake/amcl_launchConfig.cmake
[0.172s] -- Up-to-date symlink: /home/krobed/EL7009/Robotics/install/amcl_launch/share/amcl_launch/cmake/amcl_launchConfig-version.cmake
[0.172s] -- Up-to-date symlink: /home/krobed/EL7009/Robotics/install/amcl_launch/share/amcl_launch/package.xml
[0.190s] Invoked command in '/home/krobed/EL7009/Robotics/build/amcl_launch' returned '0': CMAKE_PREFIX_PATH=${CMAKE_PREFIX_PATH}:/opt/ros/jazzy DEBUGINFOD_URLS=https://debuginfod.ubuntu.com /usr/bin/cmake --install /home/krobed/EL7009/Robotics/build/amcl_launch
