-- Install configuration: ""
-- Execute custom install script
-- Up-to-date symlink: /home/krobed/EL7009/Robotics/install/amcl_launch/share/amcl_launch/launch/amcl.launch.py
-- Up-to-date symlink: /home/krobed/EL7009/Robotics/install/amcl_launch/share/amcl_launch/launch/teleop.launch.py
-- Up-to-date symlink: /home/krobed/EL7009/Robotics/install/amcl_launch/share/amcl_launch/launch/teleop_keyboard.launch.py
-- Up-to-date symlink: /home/krobed/EL7009/Robotics/install/amcl_launch/share/amcl_launch/map/inflation.py
-- Up-to-date symlink: /home/krobed/EL7009/Robotics/install/amcl_launch/share/amcl_launch/map/localization_map.yaml
-- Up-to-date symlink: /home/krobed/EL7009/Robotics/install/amcl_launch/share/amcl_launch/map/map_ekf.txt
-- Up-to-date symlink: /home/krobed/EL7009/Robotics/install/amcl_launch/share/amcl_launch/map/mapa.pgm
-- Up-to-date symlink: /home/krobed/EL7009/Robotics/install/amcl_launch/share/amcl_launch/map/mapa.yaml
-- Up-to-date symlink: /home/krobed/EL7009/Robotics/install/amcl_launch/share/amcl_launch/config/amcl.yaml
-- Up-to-date symlink: /home/krobed/EL7009/Robotics/install/amcl_launch/share/amcl_launch/config/map_server.yaml
-- Up-to-date symlink: /home/krobed/EL7009/Robotics/install/amcl_launch/share/ament_index/resource_index/package_run_dependencies/amcl_launch
-- Up-to-date symlink: /home/krobed/EL7009/Robotics/install/amcl_launch/share/ament_index/resource_index/parent_prefix_path/amcl_launch
-- Up-to-date symlink: /home/krobed/EL7009/Robotics/install/amcl_launch/share/amcl_launch/environment/ament_prefix_path.sh
-- Up-to-date symlink: /home/krobed/EL7009/Robotics/install/amcl_launch/share/amcl_launch/environment/ament_prefix_path.dsv
-- Up-to-date symlink: /home/krobed/EL7009/Robotics/install/amcl_launch/share/amcl_launch/environment/path.sh
-- Up-to-date symlink: /home/krobed/EL7009/Robotics/install/amcl_launch/share/amcl_launch/environment/path.dsv
-- Up-to-date symlink: /home/krobed/EL7009/Robotics/install/amcl_launch/share/amcl_launch/local_setup.bash
-- Up-to-date symlink: /home/krobed/EL7009/Robotics/install/amcl_launch/share/amcl_launch/local_setup.sh
-- Up-to-date symlink: /home/krobed/EL7009/Robotics/install/amcl_launch/share/amcl_launch/local_setup.zsh
-- Up-to-date symlink: /home/krobed/EL7009/Robotics/install/amcl_launch/share/amcl_launch/local_setup.dsv
-- Symlinking: /home/krobed/EL7009/Robotics/install/amcl_launch/share/amcl_launch/package.dsv
-- Up-to-date symlink: /home/krobed/EL7009/Robotics/install/amcl_launch/share/ament_index/resource_index/packages/amcl_launch
-- Up-to-date symlink: /home/krobed/EL7009/Robotics/install/amcl_launch/share/amcl_launch/cmake/amcl_launchConfig.cmake
-- Up-to-date symlink: /home/krobed/EL7009/Robotics/install/amcl_launch/share/amcl_launch/cmake/amcl_launchConfig-version.cmake
-- Up-to-date symlink: /home/krobed/EL7009/Robotics/install/amcl_launch/share/amcl_launch/package.xml
