[0.013s] Invoking command in '/home/krobed/EL7009/Robotics/build/el7009_diff_drive_robot': CMAKE_PREFIX_PATH=${CMAKE_PREFIX_PATH}:/opt/ros/jazzy DEBUGINFOD_URLS=https://debuginfod.ubuntu.com /usr/bin/cmake --build /home/krobed/EL7009/Robotics/build/el7009_diff_drive_robot -- -j4 -l4
[0.076s] Invoked command in '/home/krobed/EL7009/Robotics/build/el7009_diff_drive_robot' returned '0': CMAKE_PREFIX_PATH=${CMAKE_PREFIX_PATH}:/opt/ros/jazzy DEBUGINFOD_URLS=https://debuginfod.ubuntu.com /usr/bin/cmake --build /home/krobed/EL7009/Robotics/build/el7009_diff_drive_robot -- -j4 -l4
[0.077s] Invoking command in '/home/krobed/EL7009/Robotics/build/el7009_diff_drive_robot': CMAKE_PREFIX_PATH=${CMAKE_PREFIX_PATH}:/opt/ros/jazzy DEBUGINFOD_URLS=https://debuginfod.ubuntu.com /usr/bin/cmake --install /home/krobed/EL7009/Robotics/build/el7009_diff_drive_robot
[0.099s] -- Install configuration: ""
[0.100s] -- Execute custom install script
[0.100s] -- Up-to-date symlink: /home/krobed/EL7009/Robotics/install/el7009_diff_drive_robot/share/el7009_diff_drive_robot/launch/__pycache__/robot.launch.cpython-312.pyc
[0.102s] -- Up-to-date symlink: /home/krobed/EL7009/Robotics/install/el7009_diff_drive_robot/share/el7009_diff_drive_robot/launch/dwa.launch.py
[0.102s] -- Up-to-date symlink: /home/krobed/EL7009/Robotics/install/el7009_diff_drive_robot/share/el7009_diff_drive_robot/launch/localization.launch.py
[0.102s] -- Up-to-date symlink: /home/krobed/EL7009/Robotics/install/el7009_diff_drive_robot/share/el7009_diff_drive_robot/launch/robot.launch.py
[0.102s] -- Up-to-date symlink: /home/krobed/EL7009/Robotics/install/el7009_diff_drive_robot/share/el7009_diff_drive_robot/launch/rrt.launch.py
[0.102s] -- Up-to-date symlink: /home/krobed/EL7009/Robotics/install/el7009_diff_drive_robot/share/el7009_diff_drive_robot/launch/rsp.launch.py
[0.102s] -- Up-to-date symlink: /home/krobed/EL7009/Robotics/install/el7009_diff_drive_robot/share/el7009_diff_drive_robot/urdf/gazebo_control.xacro
[0.103s] -- Up-to-date symlink: /home/krobed/EL7009/Robotics/install/el7009_diff_drive_robot/share/el7009_diff_drive_robot/urdf/inertial_macros.xacro
[0.103s] -- Up-to-date symlink: /home/krobed/EL7009/Robotics/install/el7009_diff_drive_robot/share/el7009_diff_drive_robot/urdf/lidar.xacro
[0.103s] -- Up-to-date symlink: /home/krobed/EL7009/Robotics/install/el7009_diff_drive_robot/share/el7009_diff_drive_robot/urdf/robot.urdf.xacro
[0.103s] -- Up-to-date symlink: /home/krobed/EL7009/Robotics/install/el7009_diff_drive_robot/share/el7009_diff_drive_robot/urdf/robot_core.xacro
[0.103s] -- Up-to-date symlink: /home/krobed/EL7009/Robotics/install/el7009_diff_drive_robot/share/el7009_diff_drive_robot/config/gz_bridge.yaml
[0.103s] -- Up-to-date symlink: /home/krobed/EL7009/Robotics/install/el7009_diff_drive_robot/share/el7009_diff_drive_robot/config/localization_params.yaml
[0.103s] -- Up-to-date symlink: /home/krobed/EL7009/Robotics/install/el7009_diff_drive_robot/share/el7009_diff_drive_robot/worlds/box_obstacle.sdf
[0.103s] -- Up-to-date symlink: /home/krobed/EL7009/Robotics/install/el7009_diff_drive_robot/share/el7009_diff_drive_robot/worlds/empty.world
[0.104s] -- Up-to-date symlink: /home/krobed/EL7009/Robotics/install/el7009_diff_drive_robot/share/el7009_diff_drive_robot/worlds/industrial-warehouse.sdf
[0.104s] -- Up-to-date symlink: /home/krobed/EL7009/Robotics/install/el7009_diff_drive_robot/share/el7009_diff_drive_robot/worlds/obstacles.world
[0.104s] -- Up-to-date symlink: /home/krobed/EL7009/Robotics/install/el7009_diff_drive_robot/share/el7009_diff_drive_robot/rviz/bot.rviz
[0.104s] -- Up-to-date symlink: /home/krobed/EL7009/Robotics/install/el7009_diff_drive_robot/lib/el7009_diff_drive_robot/dwa_node.py
[0.104s] -- Up-to-date symlink: /home/krobed/EL7009/Robotics/install/el7009_diff_drive_robot/lib/el7009_diff_drive_robot/rrt_star_node.py
[0.104s] -- Up-to-date symlink: /home/krobed/EL7009/Robotics/install/el7009_diff_drive_robot/lib/el7009_diff_drive_robot/plotpose.py
[0.104s] -- Up-to-date symlink: /home/krobed/EL7009/Robotics/install/el7009_diff_drive_robot/lib/el7009_diff_drive_robot/gttf.py
[0.105s] -- Up-to-date symlink: /home/krobed/EL7009/Robotics/install/el7009_diff_drive_robot/lib/el7009_diff_drive_robot/obstacle.py
[0.105s] -- Up-to-date symlink: /home/krobed/EL7009/Robotics/install/el7009_diff_drive_robot/lib/el7009_diff_drive_robot/send_goal.py
[0.105s] -- Up-to-date symlink: /home/krobed/EL7009/Robotics/install/el7009_diff_drive_robot/share/ament_index/resource_index/package_run_dependencies/el7009_diff_drive_robot
[0.105s] -- Up-to-date symlink: /home/krobed/EL7009/Robotics/install/el7009_diff_drive_robot/share/ament_index/resource_index/parent_prefix_path/el7009_diff_drive_robot
[0.105s] -- Up-to-date symlink: /home/krobed/EL7009/Robotics/install/el7009_diff_drive_robot/share/el7009_diff_drive_robot/environment/ament_prefix_path.sh
[0.105s] -- Up-to-date symlink: /home/krobed/EL7009/Robotics/install/el7009_diff_drive_robot/share/el7009_diff_drive_robot/environment/ament_prefix_path.dsv
[0.105s] -- Up-to-date symlink: /home/krobed/EL7009/Robotics/install/el7009_diff_drive_robot/share/el7009_diff_drive_robot/environment/path.sh
[0.106s] -- Up-to-date symlink: /home/krobed/EL7009/Robotics/install/el7009_diff_drive_robot/share/el7009_diff_drive_robot/environment/path.dsv
[0.106s] -- Up-to-date symlink: /home/krobed/EL7009/Robotics/install/el7009_diff_drive_robot/share/el7009_diff_drive_robot/local_setup.bash
[0.106s] -- Up-to-date symlink: /home/krobed/EL7009/Robotics/install/el7009_diff_drive_robot/share/el7009_diff_drive_robot/local_setup.sh
[0.106s] -- Up-to-date symlink: /home/krobed/EL7009/Robotics/install/el7009_diff_drive_robot/share/el7009_diff_drive_robot/local_setup.zsh
[0.106s] -- Up-to-date symlink: /home/krobed/EL7009/Robotics/install/el7009_diff_drive_robot/share/el7009_diff_drive_robot/local_setup.dsv
[0.106s] -- Symlinking: /home/krobed/EL7009/Robotics/install/el7009_diff_drive_robot/share/el7009_diff_drive_robot/package.dsv
[0.118s] -- Up-to-date symlink: /home/krobed/EL7009/Robotics/install/el7009_diff_drive_robot/share/ament_index/resource_index/packages/el7009_diff_drive_robot
[0.119s] -- Up-to-date symlink: /home/krobed/EL7009/Robotics/install/el7009_diff_drive_robot/share/el7009_diff_drive_robot/cmake/el7009_diff_drive_robotConfig.cmake
[0.120s] -- Up-to-date symlink: /home/krobed/EL7009/Robotics/install/el7009_diff_drive_robot/share/el7009_diff_drive_robot/cmake/el7009_diff_drive_robotConfig-version.cmake
[0.120s] -- Up-to-date symlink: /home/krobed/EL7009/Robotics/install/el7009_diff_drive_robot/share/el7009_diff_drive_robot/package.xml
[0.143s] Invoked command in '/home/krobed/EL7009/Robotics/build/el7009_diff_drive_robot' returned '0': CMAKE_PREFIX_PATH=${CMAKE_PREFIX_PATH}:/opt/ros/jazzy DEBUGINFOD_URLS=https://debuginfod.ubuntu.com /usr/bin/cmake --install /home/krobed/EL7009/Robotics/build/el7009_diff_drive_robot
