[0.148s] DEBUG:colcon:Command line arguments: ['/usr/bin/colcon', 'build', '--symlink-install']
[0.149s] DEBUG:colcon:Parsed command line arguments: Namespace(log_base=None, log_level=None, verb_name='build', build_base='build', install_base='install', merge_install=False, symlink_install=True, test_result_base=None, continue_on_error=False, executor='parallel', parallel_workers=4, event_handlers=None, ignore_user_meta=False, metas=['./colcon.meta'], base_paths=['.'], packages_ignore=None, packages_ignore_regex=None, paths=None, packages_up_to=None, packages_up_to_regex=None, packages_above=None, packages_above_and_dependencies=None, packages_above_depth=None, packages_select_by_dep=None, packages_skip_by_dep=None, packages_skip_up_to=None, packages_select_build_failed=False, packages_skip_build_finished=False, packages_select_test_failures=False, packages_skip_test_passed=False, packages_select=None, packages_skip=None, packages_select_regex=None, packages_skip_regex=None, packages_start=None, packages_end=None, allow_overriding=[], cmake_args=None, cmake_target=None, cmake_target_skip_unavailable=False, cmake_clean_cache=False, cmake_clean_first=False, cmake_force_configure=False, ament_cmake_args=None, catkin_cmake_args=None, catkin_skip_building_tests=False, mixin_files=None, mixin=None, verb_parser=<colcon_mixin.mixin.mixin_argument.MixinArgumentDecorator object at 0x7c76949a8950>, verb_extension=<colcon_core.verb.build.BuildVerb object at 0x7c7694923b30>, main=<bound method BuildVerb.main of <colcon_core.verb.build.BuildVerb object at 0x7c7694923b30>>, mixin_verb=('build',))
[0.218s] Level 1:colcon.colcon_core.package_discovery:discover_packages(colcon_meta) check parameters
[0.218s] Level 1:colcon.colcon_core.package_discovery:discover_packages(recursive) check parameters
[0.218s] Level 1:colcon.colcon_core.package_discovery:discover_packages(ignore) check parameters
[0.218s] Level 1:colcon.colcon_core.package_discovery:discover_packages(path) check parameters
[0.218s] Level 1:colcon.colcon_core.package_discovery:discover_packages(colcon_meta) discover
[0.218s] Level 1:colcon.colcon_core.package_discovery:discover_packages(recursive) discover
[0.219s] INFO:colcon.colcon_core.package_discovery:Crawling recursively for packages in '/home/krobed/EL7009/Robotics'
[0.219s] Level 1:colcon.colcon_core.package_identification:_identify(.) by extensions ['ignore', 'ignore_ament_install']
[0.219s] Level 1:colcon.colcon_core.package_identification:_identify(.) by extension 'ignore'
[0.219s] Level 1:colcon.colcon_core.package_identification:_identify(.) by extension 'ignore_ament_install'
[0.219s] Level 1:colcon.colcon_core.package_identification:_identify(.) by extensions ['colcon_pkg']
[0.219s] Level 1:colcon.colcon_core.package_identification:_identify(.) by extension 'colcon_pkg'
[0.219s] Level 1:colcon.colcon_core.package_identification:_identify(.) by extensions ['colcon_meta']
[0.219s] Level 1:colcon.colcon_core.package_identification:_identify(.) by extension 'colcon_meta'
[0.219s] Level 1:colcon.colcon_core.package_identification:_identify(.) by extensions ['ros']
[0.219s] Level 1:colcon.colcon_core.package_identification:_identify(.) by extension 'ros'
[0.248s] Level 1:colcon.colcon_core.package_identification:_identify(.) by extensions ['cmake', 'python']
[0.248s] Level 1:colcon.colcon_core.package_identification:_identify(.) by extension 'cmake'
[0.248s] Level 1:colcon.colcon_core.package_identification:_identify(.) by extension 'python'
[0.248s] Level 1:colcon.colcon_core.package_identification:_identify(.) by extensions ['python_setup_py']
[0.248s] Level 1:colcon.colcon_core.package_identification:_identify(.) by extension 'python_setup_py'
[0.248s] Level 1:colcon.colcon_core.package_identification:_identify(amcl_launch) by extensions ['ignore', 'ignore_ament_install']
[0.248s] Level 1:colcon.colcon_core.package_identification:_identify(amcl_launch) by extension 'ignore'
[0.249s] Level 1:colcon.colcon_core.package_identification:_identify(amcl_launch) by extension 'ignore_ament_install'
[0.249s] Level 1:colcon.colcon_core.package_identification:_identify(amcl_launch) by extensions ['colcon_pkg']
[0.249s] Level 1:colcon.colcon_core.package_identification:_identify(amcl_launch) by extension 'colcon_pkg'
[0.249s] Level 1:colcon.colcon_core.package_identification:_identify(amcl_launch) by extensions ['colcon_meta']
[0.249s] Level 1:colcon.colcon_core.package_identification:_identify(amcl_launch) by extension 'colcon_meta'
[0.249s] Level 1:colcon.colcon_core.package_identification:_identify(amcl_launch) by extensions ['ros']
[0.249s] Level 1:colcon.colcon_core.package_identification:_identify(amcl_launch) by extension 'ros'
[0.251s] DEBUG:colcon.colcon_core.package_identification:Package 'amcl_launch' with type 'ros.ament_cmake' and name 'amcl_launch'
[0.251s] Level 1:colcon.colcon_core.package_identification:_identify(build) by extensions ['ignore', 'ignore_ament_install']
[0.252s] Level 1:colcon.colcon_core.package_identification:_identify(build) by extension 'ignore'
[0.252s] Level 1:colcon.colcon_core.package_identification:_identify(build) ignored
[0.252s] Level 1:colcon.colcon_core.package_identification:_identify(el7009_diff_drive_robot) by extensions ['ignore', 'ignore_ament_install']
[0.252s] Level 1:colcon.colcon_core.package_identification:_identify(el7009_diff_drive_robot) by extension 'ignore'
[0.252s] Level 1:colcon.colcon_core.package_identification:_identify(el7009_diff_drive_robot) by extension 'ignore_ament_install'
[0.252s] Level 1:colcon.colcon_core.package_identification:_identify(el7009_diff_drive_robot) by extensions ['colcon_pkg']
[0.252s] Level 1:colcon.colcon_core.package_identification:_identify(el7009_diff_drive_robot) by extension 'colcon_pkg'
[0.252s] Level 1:colcon.colcon_core.package_identification:_identify(el7009_diff_drive_robot) by extensions ['colcon_meta']
[0.252s] Level 1:colcon.colcon_core.package_identification:_identify(el7009_diff_drive_robot) by extension 'colcon_meta'
[0.253s] Level 1:colcon.colcon_core.package_identification:_identify(el7009_diff_drive_robot) by extensions ['ros']
[0.253s] Level 1:colcon.colcon_core.package_identification:_identify(el7009_diff_drive_robot) by extension 'ros'
[0.253s] DEBUG:colcon.colcon_core.package_identification:Package 'el7009_diff_drive_robot' with type 'ros.ament_cmake' and name 'el7009_diff_drive_robot'
[0.253s] Level 1:colcon.colcon_core.package_identification:_identify(install) by extensions ['ignore', 'ignore_ament_install']
[0.253s] Level 1:colcon.colcon_core.package_identification:_identify(install) by extension 'ignore'
[0.253s] Level 1:colcon.colcon_core.package_identification:_identify(install) ignored
[0.254s] Level 1:colcon.colcon_core.package_identification:_identify(log) by extensions ['ignore', 'ignore_ament_install']
[0.254s] Level 1:colcon.colcon_core.package_identification:_identify(log) by extension 'ignore'
[0.254s] Level 1:colcon.colcon_core.package_identification:_identify(log) ignored
[0.254s] Level 1:colcon.colcon_core.package_discovery:discover_packages(recursive) using defaults
[0.254s] Level 1:colcon.colcon_core.package_discovery:discover_packages(ignore) discover
[0.254s] Level 1:colcon.colcon_core.package_discovery:discover_packages(ignore) using defaults
[0.254s] Level 1:colcon.colcon_core.package_discovery:discover_packages(path) discover
[0.254s] Level 1:colcon.colcon_core.package_discovery:discover_packages(path) using defaults
[0.278s] Level 1:colcon.colcon_core.package_discovery:discover_packages(prefix_path) check parameters
[0.278s] Level 1:colcon.colcon_core.package_discovery:discover_packages(prefix_path) discover
[0.282s] DEBUG:colcon.colcon_installed_package_information.package_discovery:Found 2 installed packages in /home/krobed/EL7009/Robotics/install
[0.284s] DEBUG:colcon.colcon_installed_package_information.package_discovery:Found 388 installed packages in /opt/ros/jazzy
[0.286s] Level 1:colcon.colcon_core.package_discovery:discover_packages(prefix_path) using defaults
[0.400s] Level 5:colcon.colcon_core.verb:set package 'amcl_launch' build argument 'cmake_args' from command line to 'None'
[0.400s] Level 5:colcon.colcon_core.verb:set package 'amcl_launch' build argument 'cmake_target' from command line to 'None'
[0.400s] Level 5:colcon.colcon_core.verb:set package 'amcl_launch' build argument 'cmake_target_skip_unavailable' from command line to 'False'
[0.400s] Level 5:colcon.colcon_core.verb:set package 'amcl_launch' build argument 'cmake_clean_cache' from command line to 'False'
[0.400s] Level 5:colcon.colcon_core.verb:set package 'amcl_launch' build argument 'cmake_clean_first' from command line to 'False'
[0.400s] Level 5:colcon.colcon_core.verb:set package 'amcl_launch' build argument 'cmake_force_configure' from command line to 'False'
[0.400s] Level 5:colcon.colcon_core.verb:set package 'amcl_launch' build argument 'ament_cmake_args' from command line to 'None'
[0.400s] Level 5:colcon.colcon_core.verb:set package 'amcl_launch' build argument 'catkin_cmake_args' from command line to 'None'
[0.400s] Level 5:colcon.colcon_core.verb:set package 'amcl_launch' build argument 'catkin_skip_building_tests' from command line to 'False'
[0.400s] DEBUG:colcon.colcon_core.verb:Building package 'amcl_launch' with the following arguments: {'ament_cmake_args': None, 'build_base': '/home/krobed/EL7009/Robotics/build/amcl_launch', 'catkin_cmake_args': None, 'catkin_skip_building_tests': False, 'cmake_args': None, 'cmake_clean_cache': False, 'cmake_clean_first': False, 'cmake_force_configure': False, 'cmake_target': None, 'cmake_target_skip_unavailable': False, 'install_base': '/home/krobed/EL7009/Robotics/install/amcl_launch', 'merge_install': False, 'path': '/home/krobed/EL7009/Robotics/amcl_launch', 'symlink_install': True, 'test_result_base': None}
[0.400s] Level 5:colcon.colcon_core.verb:set package 'el7009_diff_drive_robot' build argument 'cmake_args' from command line to 'None'
[0.400s] Level 5:colcon.colcon_core.verb:set package 'el7009_diff_drive_robot' build argument 'cmake_target' from command line to 'None'
[0.400s] Level 5:colcon.colcon_core.verb:set package 'el7009_diff_drive_robot' build argument 'cmake_target_skip_unavailable' from command line to 'False'
[0.400s] Level 5:colcon.colcon_core.verb:set package 'el7009_diff_drive_robot' build argument 'cmake_clean_cache' from command line to 'False'
[0.400s] Level 5:colcon.colcon_core.verb:set package 'el7009_diff_drive_robot' build argument 'cmake_clean_first' from command line to 'False'
[0.400s] Level 5:colcon.colcon_core.verb:set package 'el7009_diff_drive_robot' build argument 'cmake_force_configure' from command line to 'False'
[0.400s] Level 5:colcon.colcon_core.verb:set package 'el7009_diff_drive_robot' build argument 'ament_cmake_args' from command line to 'None'
[0.401s] Level 5:colcon.colcon_core.verb:set package 'el7009_diff_drive_robot' build argument 'catkin_cmake_args' from command line to 'None'
[0.401s] Level 5:colcon.colcon_core.verb:set package 'el7009_diff_drive_robot' build argument 'catkin_skip_building_tests' from command line to 'False'
[0.401s] DEBUG:colcon.colcon_core.verb:Building package 'el7009_diff_drive_robot' with the following arguments: {'ament_cmake_args': None, 'build_base': '/home/krobed/EL7009/Robotics/build/el7009_diff_drive_robot', 'catkin_cmake_args': None, 'catkin_skip_building_tests': False, 'cmake_args': None, 'cmake_clean_cache': False, 'cmake_clean_first': False, 'cmake_force_configure': False, 'cmake_target': None, 'cmake_target_skip_unavailable': False, 'install_base': '/home/krobed/EL7009/Robotics/install/el7009_diff_drive_robot', 'merge_install': False, 'path': '/home/krobed/EL7009/Robotics/el7009_diff_drive_robot', 'symlink_install': True, 'test_result_base': None}
[0.401s] INFO:colcon.colcon_core.executor:Executing jobs using 'parallel' executor
[0.401s] DEBUG:colcon.colcon_parallel_executor.executor.parallel:run_until_complete
[0.402s] INFO:colcon.colcon_ros.task.ament_cmake.build:Building ROS package in '/home/krobed/EL7009/Robotics/amcl_launch' with build type 'ament_cmake'
[0.402s] INFO:colcon.colcon_cmake.task.cmake.build:Building CMake package in '/home/krobed/EL7009/Robotics/amcl_launch'
[0.407s] INFO:colcon.colcon_core.plugin_system:Skipping extension 'colcon_core.shell.bat': Not used on non-Windows systems
[0.408s] INFO:colcon.colcon_core.shell:Skip shell extension 'powershell' for command environment: Not usable outside of PowerShell
[0.408s] DEBUG:colcon.colcon_core.shell:Skip shell extension 'dsv' for command environment
[0.416s] INFO:colcon.colcon_ros.task.ament_cmake.build:Building ROS package in '/home/krobed/EL7009/Robotics/el7009_diff_drive_robot' with build type 'ament_cmake'
[0.416s] INFO:colcon.colcon_cmake.task.cmake.build:Building CMake package in '/home/krobed/EL7009/Robotics/el7009_diff_drive_robot'
[0.417s] INFO:colcon.colcon_core.shell:Skip shell extension 'powershell' for command environment: Not usable outside of PowerShell
[0.417s] DEBUG:colcon.colcon_core.shell:Skip shell extension 'dsv' for command environment
[0.434s] DEBUG:colcon.colcon_core.event_handler.log_command:Invoking command in '/home/krobed/EL7009/Robotics/build/amcl_launch': CMAKE_PREFIX_PATH=${CMAKE_PREFIX_PATH}:/opt/ros/jazzy DEBUGINFOD_URLS=https://debuginfod.ubuntu.com /usr/bin/cmake --build /home/krobed/EL7009/Robotics/build/amcl_launch -- -j4 -l4
[0.441s] DEBUG:colcon.colcon_core.event_handler.log_command:Invoking command in '/home/krobed/EL7009/Robotics/build/el7009_diff_drive_robot': CMAKE_PREFIX_PATH=${CMAKE_PREFIX_PATH}:/opt/ros/jazzy DEBUGINFOD_URLS=https://debuginfod.ubuntu.com /usr/bin/cmake --build /home/krobed/EL7009/Robotics/build/el7009_diff_drive_robot -- -j4 -l4
[0.494s] DEBUG:colcon.colcon_core.event_handler.log_command:Invoked command in '/home/krobed/EL7009/Robotics/build/amcl_launch' returned '0': CMAKE_PREFIX_PATH=${CMAKE_PREFIX_PATH}:/opt/ros/jazzy DEBUGINFOD_URLS=https://debuginfod.ubuntu.com /usr/bin/cmake --build /home/krobed/EL7009/Robotics/build/amcl_launch -- -j4 -l4
[0.508s] DEBUG:colcon.colcon_core.event_handler.log_command:Invoking command in '/home/krobed/EL7009/Robotics/build/amcl_launch': CMAKE_PREFIX_PATH=${CMAKE_PREFIX_PATH}:/opt/ros/jazzy DEBUGINFOD_URLS=https://debuginfod.ubuntu.com /usr/bin/cmake --install /home/krobed/EL7009/Robotics/build/amcl_launch
[0.512s] DEBUG:colcon.colcon_core.event_handler.log_command:Invoked command in '/home/krobed/EL7009/Robotics/build/el7009_diff_drive_robot' returned '0': CMAKE_PREFIX_PATH=${CMAKE_PREFIX_PATH}:/opt/ros/jazzy DEBUGINFOD_URLS=https://debuginfod.ubuntu.com /usr/bin/cmake --build /home/krobed/EL7009/Robotics/build/el7009_diff_drive_robot -- -j4 -l4
[0.513s] DEBUG:colcon.colcon_core.event_handler.log_command:Invoking command in '/home/krobed/EL7009/Robotics/build/el7009_diff_drive_robot': CMAKE_PREFIX_PATH=${CMAKE_PREFIX_PATH}:/opt/ros/jazzy DEBUGINFOD_URLS=https://debuginfod.ubuntu.com /usr/bin/cmake --install /home/krobed/EL7009/Robotics/build/el7009_diff_drive_robot
[0.566s] Level 1:colcon.colcon_core.environment:create_environment_scripts_only(el7009_diff_drive_robot)
[0.567s] DEBUG:colcon.colcon_core.event_handler.log_command:Invoked command in '/home/krobed/EL7009/Robotics/build/el7009_diff_drive_robot' returned '0': CMAKE_PREFIX_PATH=${CMAKE_PREFIX_PATH}:/opt/ros/jazzy DEBUGINFOD_URLS=https://debuginfod.ubuntu.com /usr/bin/cmake --install /home/krobed/EL7009/Robotics/build/el7009_diff_drive_robot
[0.573s] Level 1:colcon.colcon_core.environment:checking '/home/krobed/EL7009/Robotics/install/el7009_diff_drive_robot' for CMake module files
[0.575s] Level 1:colcon.colcon_core.environment:checking '/home/krobed/EL7009/Robotics/install/el7009_diff_drive_robot' for CMake config files
[0.576s] Level 1:colcon.colcon_core.shell:create_environment_hook('el7009_diff_drive_robot', 'cmake_prefix_path')
[0.576s] INFO:colcon.colcon_core.shell:Creating environment hook '/home/krobed/EL7009/Robotics/install/el7009_diff_drive_robot/share/el7009_diff_drive_robot/hook/cmake_prefix_path.ps1'
[0.577s] INFO:colcon.colcon_core.shell:Creating environment descriptor '/home/krobed/EL7009/Robotics/install/el7009_diff_drive_robot/share/el7009_diff_drive_robot/hook/cmake_prefix_path.dsv'
[0.578s] INFO:colcon.colcon_core.shell:Creating environment hook '/home/krobed/EL7009/Robotics/install/el7009_diff_drive_robot/share/el7009_diff_drive_robot/hook/cmake_prefix_path.sh'
[0.579s] Level 1:colcon.colcon_core.environment:checking '/home/krobed/EL7009/Robotics/install/el7009_diff_drive_robot/lib'
[0.579s] Level 1:colcon.colcon_core.environment:checking '/home/krobed/EL7009/Robotics/install/el7009_diff_drive_robot/bin'
[0.579s] Level 1:colcon.colcon_core.environment:checking '/home/krobed/EL7009/Robotics/install/el7009_diff_drive_robot/lib/pkgconfig/el7009_diff_drive_robot.pc'
[0.579s] Level 1:colcon.colcon_core.environment:checking '/home/krobed/EL7009/Robotics/install/el7009_diff_drive_robot/lib/python3.12/site-packages'
[0.580s] Level 1:colcon.colcon_core.environment:checking '/home/krobed/EL7009/Robotics/install/el7009_diff_drive_robot/bin'
[0.580s] INFO:colcon.colcon_core.shell:Creating package script '/home/krobed/EL7009/Robotics/install/el7009_diff_drive_robot/share/el7009_diff_drive_robot/package.ps1'
[0.581s] INFO:colcon.colcon_core.shell:Creating package descriptor '/home/krobed/EL7009/Robotics/install/el7009_diff_drive_robot/share/el7009_diff_drive_robot/package.dsv'
[0.581s] INFO:colcon.colcon_core.shell:Creating package script '/home/krobed/EL7009/Robotics/install/el7009_diff_drive_robot/share/el7009_diff_drive_robot/package.sh'
[0.582s] INFO:colcon.colcon_core.shell:Creating package script '/home/krobed/EL7009/Robotics/install/el7009_diff_drive_robot/share/el7009_diff_drive_robot/package.bash'
[0.583s] INFO:colcon.colcon_core.shell:Creating package script '/home/krobed/EL7009/Robotics/install/el7009_diff_drive_robot/share/el7009_diff_drive_robot/package.zsh'
[0.584s] Level 1:colcon.colcon_core.environment:create_file_with_runtime_dependencies(/home/krobed/EL7009/Robotics/install/el7009_diff_drive_robot/share/colcon-core/packages/el7009_diff_drive_robot)
[0.584s] Level 1:colcon.colcon_core.environment:create_environment_scripts_only(el7009_diff_drive_robot)
[0.584s] Level 1:colcon.colcon_core.environment:checking '/home/krobed/EL7009/Robotics/install/el7009_diff_drive_robot' for CMake module files
[0.585s] Level 1:colcon.colcon_core.environment:checking '/home/krobed/EL7009/Robotics/install/el7009_diff_drive_robot' for CMake config files
[0.585s] Level 1:colcon.colcon_core.shell:create_environment_hook('el7009_diff_drive_robot', 'cmake_prefix_path')
[0.586s] INFO:colcon.colcon_core.shell:Creating environment hook '/home/krobed/EL7009/Robotics/install/el7009_diff_drive_robot/share/el7009_diff_drive_robot/hook/cmake_prefix_path.ps1'
[0.586s] INFO:colcon.colcon_core.shell:Creating environment descriptor '/home/krobed/EL7009/Robotics/install/el7009_diff_drive_robot/share/el7009_diff_drive_robot/hook/cmake_prefix_path.dsv'
[0.586s] INFO:colcon.colcon_core.shell:Creating environment hook '/home/krobed/EL7009/Robotics/install/el7009_diff_drive_robot/share/el7009_diff_drive_robot/hook/cmake_prefix_path.sh'
[0.587s] Level 1:colcon.colcon_core.environment:checking '/home/krobed/EL7009/Robotics/install/el7009_diff_drive_robot/lib'
[0.587s] Level 1:colcon.colcon_core.environment:checking '/home/krobed/EL7009/Robotics/install/el7009_diff_drive_robot/bin'
[0.587s] Level 1:colcon.colcon_core.environment:checking '/home/krobed/EL7009/Robotics/install/el7009_diff_drive_robot/lib/pkgconfig/el7009_diff_drive_robot.pc'
[0.587s] Level 1:colcon.colcon_core.environment:checking '/home/krobed/EL7009/Robotics/install/el7009_diff_drive_robot/lib/python3.12/site-packages'
[0.588s] Level 1:colcon.colcon_core.environment:checking '/home/krobed/EL7009/Robotics/install/el7009_diff_drive_robot/bin'
[0.588s] INFO:colcon.colcon_core.shell:Creating package script '/home/krobed/EL7009/Robotics/install/el7009_diff_drive_robot/share/el7009_diff_drive_robot/package.ps1'
[0.588s] INFO:colcon.colcon_core.shell:Creating package descriptor '/home/krobed/EL7009/Robotics/install/el7009_diff_drive_robot/share/el7009_diff_drive_robot/package.dsv'
[0.589s] INFO:colcon.colcon_core.shell:Creating package script '/home/krobed/EL7009/Robotics/install/el7009_diff_drive_robot/share/el7009_diff_drive_robot/package.sh'
[0.589s] INFO:colcon.colcon_core.shell:Creating package script '/home/krobed/EL7009/Robotics/install/el7009_diff_drive_robot/share/el7009_diff_drive_robot/package.bash'
[0.590s] INFO:colcon.colcon_core.shell:Creating package script '/home/krobed/EL7009/Robotics/install/el7009_diff_drive_robot/share/el7009_diff_drive_robot/package.zsh'
[0.590s] Level 1:colcon.colcon_core.environment:create_file_with_runtime_dependencies(/home/krobed/EL7009/Robotics/install/el7009_diff_drive_robot/share/colcon-core/packages/el7009_diff_drive_robot)
[0.591s] Level 1:colcon.colcon_core.environment:create_environment_scripts_only(amcl_launch)
[0.592s] Level 1:colcon.colcon_core.environment:checking '/home/krobed/EL7009/Robotics/install/amcl_launch' for CMake module files
[0.593s] DEBUG:colcon.colcon_core.event_handler.log_command:Invoked command in '/home/krobed/EL7009/Robotics/build/amcl_launch' returned '0': CMAKE_PREFIX_PATH=${CMAKE_PREFIX_PATH}:/opt/ros/jazzy DEBUGINFOD_URLS=https://debuginfod.ubuntu.com /usr/bin/cmake --install /home/krobed/EL7009/Robotics/build/amcl_launch
[0.594s] Level 1:colcon.colcon_core.environment:checking '/home/krobed/EL7009/Robotics/install/amcl_launch' for CMake config files
[0.595s] Level 1:colcon.colcon_core.shell:create_environment_hook('amcl_launch', 'cmake_prefix_path')
[0.595s] INFO:colcon.colcon_core.shell:Creating environment hook '/home/krobed/EL7009/Robotics/install/amcl_launch/share/amcl_launch/hook/cmake_prefix_path.ps1'
[0.596s] INFO:colcon.colcon_core.shell:Creating environment descriptor '/home/krobed/EL7009/Robotics/install/amcl_launch/share/amcl_launch/hook/cmake_prefix_path.dsv'
[0.597s] INFO:colcon.colcon_core.shell:Creating environment hook '/home/krobed/EL7009/Robotics/install/amcl_launch/share/amcl_launch/hook/cmake_prefix_path.sh'
[0.598s] Level 1:colcon.colcon_core.environment:checking '/home/krobed/EL7009/Robotics/install/amcl_launch/bin'
[0.598s] Level 1:colcon.colcon_core.environment:checking '/home/krobed/EL7009/Robotics/install/amcl_launch/lib/pkgconfig/amcl_launch.pc'
[0.599s] Level 1:colcon.colcon_core.environment:checking '/home/krobed/EL7009/Robotics/install/amcl_launch/lib/python3.12/site-packages'
[0.599s] Level 1:colcon.colcon_core.environment:checking '/home/krobed/EL7009/Robotics/install/amcl_launch/bin'
[0.600s] INFO:colcon.colcon_core.shell:Creating package script '/home/krobed/EL7009/Robotics/install/amcl_launch/share/amcl_launch/package.ps1'
[0.600s] INFO:colcon.colcon_core.shell:Creating package descriptor '/home/krobed/EL7009/Robotics/install/amcl_launch/share/amcl_launch/package.dsv'
[0.601s] INFO:colcon.colcon_core.shell:Creating package script '/home/krobed/EL7009/Robotics/install/amcl_launch/share/amcl_launch/package.sh'
[0.601s] INFO:colcon.colcon_core.shell:Creating package script '/home/krobed/EL7009/Robotics/install/amcl_launch/share/amcl_launch/package.bash'
[0.602s] INFO:colcon.colcon_core.shell:Creating package script '/home/krobed/EL7009/Robotics/install/amcl_launch/share/amcl_launch/package.zsh'
[0.602s] Level 1:colcon.colcon_core.environment:create_file_with_runtime_dependencies(/home/krobed/EL7009/Robotics/install/amcl_launch/share/colcon-core/packages/amcl_launch)
[0.603s] Level 1:colcon.colcon_core.environment:create_environment_scripts_only(amcl_launch)
[0.604s] Level 1:colcon.colcon_core.environment:checking '/home/krobed/EL7009/Robotics/install/amcl_launch' for CMake module files
[0.604s] Level 1:colcon.colcon_core.environment:checking '/home/krobed/EL7009/Robotics/install/amcl_launch' for CMake config files
[0.605s] Level 1:colcon.colcon_core.shell:create_environment_hook('amcl_launch', 'cmake_prefix_path')
[0.605s] INFO:colcon.colcon_core.shell:Creating environment hook '/home/krobed/EL7009/Robotics/install/amcl_launch/share/amcl_launch/hook/cmake_prefix_path.ps1'
[0.606s] INFO:colcon.colcon_core.shell:Creating environment descriptor '/home/krobed/EL7009/Robotics/install/amcl_launch/share/amcl_launch/hook/cmake_prefix_path.dsv'
[0.607s] INFO:colcon.colcon_core.shell:Creating environment hook '/home/krobed/EL7009/Robotics/install/amcl_launch/share/amcl_launch/hook/cmake_prefix_path.sh'
[0.609s] Level 1:colcon.colcon_core.environment:checking '/home/krobed/EL7009/Robotics/install/amcl_launch/bin'
[0.609s] Level 1:colcon.colcon_core.environment:checking '/home/krobed/EL7009/Robotics/install/amcl_launch/lib/pkgconfig/amcl_launch.pc'
[0.610s] Level 1:colcon.colcon_core.environment:checking '/home/krobed/EL7009/Robotics/install/amcl_launch/lib/python3.12/site-packages'
[0.611s] Level 1:colcon.colcon_core.environment:checking '/home/krobed/EL7009/Robotics/install/amcl_launch/bin'
[0.612s] INFO:colcon.colcon_core.shell:Creating package script '/home/krobed/EL7009/Robotics/install/amcl_launch/share/amcl_launch/package.ps1'
[0.613s] INFO:colcon.colcon_core.shell:Creating package descriptor '/home/krobed/EL7009/Robotics/install/amcl_launch/share/amcl_launch/package.dsv'
[0.614s] INFO:colcon.colcon_core.shell:Creating package script '/home/krobed/EL7009/Robotics/install/amcl_launch/share/amcl_launch/package.sh'
[0.615s] INFO:colcon.colcon_core.shell:Creating package script '/home/krobed/EL7009/Robotics/install/amcl_launch/share/amcl_launch/package.bash'
[0.616s] INFO:colcon.colcon_core.shell:Creating package script '/home/krobed/EL7009/Robotics/install/amcl_launch/share/amcl_launch/package.zsh'
[0.616s] Level 1:colcon.colcon_core.environment:create_file_with_runtime_dependencies(/home/krobed/EL7009/Robotics/install/amcl_launch/share/colcon-core/packages/amcl_launch)
[0.617s] DEBUG:colcon.colcon_parallel_executor.executor.parallel:closing loop
[0.617s] DEBUG:colcon.colcon_parallel_executor.executor.parallel:loop closed
[0.617s] DEBUG:colcon.colcon_parallel_executor.executor.parallel:run_until_complete finished with '0'
[0.617s] DEBUG:colcon.colcon_core.event_reactor:joining thread
[0.628s] INFO:colcon.colcon_core.plugin_system:Skipping extension 'colcon_notification.desktop_notification.terminal_notifier': Not used on non-Darwin systems
[0.628s] INFO:colcon.colcon_core.plugin_system:Skipping extension 'colcon_notification.desktop_notification.win32': Not used on non-Windows systems
[0.628s] INFO:colcon.colcon_notification.desktop_notification:Sending desktop notification using 'notify2'
[0.649s] DEBUG:colcon.colcon_core.event_reactor:joined thread
[0.649s] INFO:colcon.colcon_core.shell:Creating prefix script '/home/krobed/EL7009/Robotics/install/local_setup.ps1'
[0.650s] INFO:colcon.colcon_core.shell:Creating prefix util module '/home/krobed/EL7009/Robotics/install/_local_setup_util_ps1.py'
[0.654s] INFO:colcon.colcon_core.shell:Creating prefix chain script '/home/krobed/EL7009/Robotics/install/setup.ps1'
[0.660s] INFO:colcon.colcon_core.shell:Creating prefix script '/home/krobed/EL7009/Robotics/install/local_setup.sh'
[0.664s] INFO:colcon.colcon_core.shell:Creating prefix util module '/home/krobed/EL7009/Robotics/install/_local_setup_util_sh.py'
[0.666s] INFO:colcon.colcon_core.shell:Creating prefix chain script '/home/krobed/EL7009/Robotics/install/setup.sh'
[0.669s] INFO:colcon.colcon_core.shell:Creating prefix script '/home/krobed/EL7009/Robotics/install/local_setup.bash'
[0.670s] INFO:colcon.colcon_core.shell:Creating prefix chain script '/home/krobed/EL7009/Robotics/install/setup.bash'
[0.672s] INFO:colcon.colcon_core.shell:Creating prefix script '/home/krobed/EL7009/Robotics/install/local_setup.zsh'
[0.673s] INFO:colcon.colcon_core.shell:Creating prefix chain script '/home/krobed/EL7009/Robotics/install/setup.zsh'
