[0.130s] DEBUG:colcon:Command line arguments: ['/usr/bin/colcon', 'build', '--symlink-install']
[0.130s] DEBUG:colcon:Parsed command line arguments: Namespace(log_base=None, log_level=None, verb_name='build', build_base='build', install_base='install', merge_install=False, symlink_install=True, test_result_base=None, continue_on_error=False, executor='parallel', parallel_workers=4, event_handlers=None, ignore_user_meta=False, metas=['./colcon.meta'], base_paths=['.'], packages_ignore=None, packages_ignore_regex=None, paths=None, packages_up_to=None, packages_up_to_regex=None, packages_above=None, packages_above_and_dependencies=None, packages_above_depth=None, packages_select_by_dep=None, packages_skip_by_dep=None, packages_skip_up_to=None, packages_select_build_failed=False, packages_skip_build_finished=False, packages_select_test_failures=False, packages_skip_test_passed=False, packages_select=None, packages_skip=None, packages_select_regex=None, packages_skip_regex=None, packages_start=None, packages_end=None, allow_overriding=[], cmake_args=None, cmake_target=None, cmake_target_skip_unavailable=False, cmake_clean_cache=False, cmake_clean_first=False, cmake_force_configure=False, ament_cmake_args=None, catkin_cmake_args=None, catkin_skip_building_tests=False, mixin_files=None, mixin=None, verb_parser=<colcon_mixin.mixin.mixin_argument.MixinArgumentDecorator object at 0x71a11ebef1d0>, verb_extension=<colcon_core.verb.build.BuildVerb object at 0x71a11edee840>, main=<bound method BuildVerb.main of <colcon_core.verb.build.BuildVerb object at 0x71a11edee840>>, mixin_verb=('build',))
[0.181s] Level 1:colcon.colcon_core.package_discovery:discover_packages(colcon_meta) check parameters
[0.181s] Level 1:colcon.colcon_core.package_discovery:discover_packages(recursive) check parameters
[0.181s] Level 1:colcon.colcon_core.package_discovery:discover_packages(ignore) check parameters
[0.181s] Level 1:colcon.colcon_core.package_discovery:discover_packages(path) check parameters
[0.181s] Level 1:colcon.colcon_core.package_discovery:discover_packages(colcon_meta) discover
[0.181s] Level 1:colcon.colcon_core.package_discovery:discover_packages(recursive) discover
[0.181s] INFO:colcon.colcon_core.package_discovery:Crawling recursively for packages in '/home/krobed/EL7009/Robotics'
[0.182s] Level 1:colcon.colcon_core.package_identification:_identify(.) by extensions ['ignore', 'ignore_ament_install']
[0.182s] Level 1:colcon.colcon_core.package_identification:_identify(.) by extension 'ignore'
[0.182s] Level 1:colcon.colcon_core.package_identification:_identify(.) by extension 'ignore_ament_install'
[0.182s] Level 1:colcon.colcon_core.package_identification:_identify(.) by extensions ['colcon_pkg']
[0.182s] Level 1:colcon.colcon_core.package_identification:_identify(.) by extension 'colcon_pkg'
[0.182s] Level 1:colcon.colcon_core.package_identification:_identify(.) by extensions ['colcon_meta']
[0.182s] Level 1:colcon.colcon_core.package_identification:_identify(.) by extension 'colcon_meta'
[0.182s] Level 1:colcon.colcon_core.package_identification:_identify(.) by extensions ['ros']
[0.182s] Level 1:colcon.colcon_core.package_identification:_identify(.) by extension 'ros'
[0.215s] Level 1:colcon.colcon_core.package_identification:_identify(.) by extensions ['cmake', 'python']
[0.215s] Level 1:colcon.colcon_core.package_identification:_identify(.) by extension 'cmake'
[0.215s] Level 1:colcon.colcon_core.package_identification:_identify(.) by extension 'python'
[0.215s] Level 1:colcon.colcon_core.package_identification:_identify(.) by extensions ['python_setup_py']
[0.215s] Level 1:colcon.colcon_core.package_identification:_identify(.) by extension 'python_setup_py'
[0.215s] Level 1:colcon.colcon_core.package_identification:_identify(amcl_launch) by extensions ['ignore', 'ignore_ament_install']
[0.215s] Level 1:colcon.colcon_core.package_identification:_identify(amcl_launch) by extension 'ignore'
[0.215s] Level 1:colcon.colcon_core.package_identification:_identify(amcl_launch) by extension 'ignore_ament_install'
[0.215s] Level 1:colcon.colcon_core.package_identification:_identify(amcl_launch) by extensions ['colcon_pkg']
[0.215s] Level 1:colcon.colcon_core.package_identification:_identify(amcl_launch) by extension 'colcon_pkg'
[0.215s] Level 1:colcon.colcon_core.package_identification:_identify(amcl_launch) by extensions ['colcon_meta']
[0.215s] Level 1:colcon.colcon_core.package_identification:_identify(amcl_launch) by extension 'colcon_meta'
[0.216s] Level 1:colcon.colcon_core.package_identification:_identify(amcl_launch) by extensions ['ros']
[0.216s] Level 1:colcon.colcon_core.package_identification:_identify(amcl_launch) by extension 'ros'
[0.219s] DEBUG:colcon.colcon_core.package_identification:Package 'amcl_launch' with type 'ros.ament_cmake' and name 'amcl_launch'
[0.220s] Level 1:colcon.colcon_core.package_identification:_identify(build) by extensions ['ignore', 'ignore_ament_install']
[0.220s] Level 1:colcon.colcon_core.package_identification:_identify(build) by extension 'ignore'
[0.220s] Level 1:colcon.colcon_core.package_identification:_identify(build) ignored
[0.220s] Level 1:colcon.colcon_core.package_identification:_identify(el7009_diff_drive_robot) by extensions ['ignore', 'ignore_ament_install']
[0.220s] Level 1:colcon.colcon_core.package_identification:_identify(el7009_diff_drive_robot) by extension 'ignore'
[0.220s] Level 1:colcon.colcon_core.package_identification:_identify(el7009_diff_drive_robot) by extension 'ignore_ament_install'
[0.220s] Level 1:colcon.colcon_core.package_identification:_identify(el7009_diff_drive_robot) by extensions ['colcon_pkg']
[0.220s] Level 1:colcon.colcon_core.package_identification:_identify(el7009_diff_drive_robot) by extension 'colcon_pkg'
[0.220s] Level 1:colcon.colcon_core.package_identification:_identify(el7009_diff_drive_robot) by extensions ['colcon_meta']
[0.220s] Level 1:colcon.colcon_core.package_identification:_identify(el7009_diff_drive_robot) by extension 'colcon_meta'
[0.220s] Level 1:colcon.colcon_core.package_identification:_identify(el7009_diff_drive_robot) by extensions ['ros']
[0.220s] Level 1:colcon.colcon_core.package_identification:_identify(el7009_diff_drive_robot) by extension 'ros'
[0.221s] DEBUG:colcon.colcon_core.package_identification:Package 'el7009_diff_drive_robot' with type 'ros.ament_cmake' and name 'el7009_diff_drive_robot'
[0.221s] Level 1:colcon.colcon_core.package_identification:_identify(install) by extensions ['ignore', 'ignore_ament_install']
[0.221s] Level 1:colcon.colcon_core.package_identification:_identify(install) by extension 'ignore'
[0.221s] Level 1:colcon.colcon_core.package_identification:_identify(install) ignored
[0.221s] Level 1:colcon.colcon_core.package_identification:_identify(log) by extensions ['ignore', 'ignore_ament_install']
[0.221s] Level 1:colcon.colcon_core.package_identification:_identify(log) by extension 'ignore'
[0.221s] Level 1:colcon.colcon_core.package_identification:_identify(log) ignored
[0.222s] Level 1:colcon.colcon_core.package_discovery:discover_packages(recursive) using defaults
[0.222s] Level 1:colcon.colcon_core.package_discovery:discover_packages(ignore) discover
[0.222s] Level 1:colcon.colcon_core.package_discovery:discover_packages(ignore) using defaults
[0.222s] Level 1:colcon.colcon_core.package_discovery:discover_packages(path) discover
[0.222s] Level 1:colcon.colcon_core.package_discovery:discover_packages(path) using defaults
[0.244s] Level 1:colcon.colcon_core.package_discovery:discover_packages(prefix_path) check parameters
[0.244s] Level 1:colcon.colcon_core.package_discovery:discover_packages(prefix_path) discover
[0.245s] Level 1:colcon.colcon_core.package_discovery:discover_packages(prefix_path) using defaults
[0.246s] Level 5:colcon.colcon_core.verb:set package 'amcl_launch' build argument 'cmake_args' from command line to 'None'
[0.246s] Level 5:colcon.colcon_core.verb:set package 'amcl_launch' build argument 'cmake_target' from command line to 'None'
[0.246s] Level 5:colcon.colcon_core.verb:set package 'amcl_launch' build argument 'cmake_target_skip_unavailable' from command line to 'False'
[0.246s] Level 5:colcon.colcon_core.verb:set package 'amcl_launch' build argument 'cmake_clean_cache' from command line to 'False'
[0.246s] Level 5:colcon.colcon_core.verb:set package 'amcl_launch' build argument 'cmake_clean_first' from command line to 'False'
[0.246s] Level 5:colcon.colcon_core.verb:set package 'amcl_launch' build argument 'cmake_force_configure' from command line to 'False'
[0.246s] Level 5:colcon.colcon_core.verb:set package 'amcl_launch' build argument 'ament_cmake_args' from command line to 'None'
[0.246s] Level 5:colcon.colcon_core.verb:set package 'amcl_launch' build argument 'catkin_cmake_args' from command line to 'None'
[0.246s] Level 5:colcon.colcon_core.verb:set package 'amcl_launch' build argument 'catkin_skip_building_tests' from command line to 'False'
[0.246s] DEBUG:colcon.colcon_core.verb:Building package 'amcl_launch' with the following arguments: {'ament_cmake_args': None, 'build_base': '/home/krobed/EL7009/Robotics/build/amcl_launch', 'catkin_cmake_args': None, 'catkin_skip_building_tests': False, 'cmake_args': None, 'cmake_clean_cache': False, 'cmake_clean_first': False, 'cmake_force_configure': False, 'cmake_target': None, 'cmake_target_skip_unavailable': False, 'install_base': '/home/krobed/EL7009/Robotics/install/amcl_launch', 'merge_install': False, 'path': '/home/krobed/EL7009/Robotics/amcl_launch', 'symlink_install': True, 'test_result_base': None}
[0.247s] Level 5:colcon.colcon_core.verb:set package 'el7009_diff_drive_robot' build argument 'cmake_args' from command line to 'None'
[0.247s] Level 5:colcon.colcon_core.verb:set package 'el7009_diff_drive_robot' build argument 'cmake_target' from command line to 'None'
[0.247s] Level 5:colcon.colcon_core.verb:set package 'el7009_diff_drive_robot' build argument 'cmake_target_skip_unavailable' from command line to 'False'
[0.247s] Level 5:colcon.colcon_core.verb:set package 'el7009_diff_drive_robot' build argument 'cmake_clean_cache' from command line to 'False'
[0.247s] Level 5:colcon.colcon_core.verb:set package 'el7009_diff_drive_robot' build argument 'cmake_clean_first' from command line to 'False'
[0.247s] Level 5:colcon.colcon_core.verb:set package 'el7009_diff_drive_robot' build argument 'cmake_force_configure' from command line to 'False'
[0.247s] Level 5:colcon.colcon_core.verb:set package 'el7009_diff_drive_robot' build argument 'ament_cmake_args' from command line to 'None'
[0.247s] Level 5:colcon.colcon_core.verb:set package 'el7009_diff_drive_robot' build argument 'catkin_cmake_args' from command line to 'None'
[0.247s] Level 5:colcon.colcon_core.verb:set package 'el7009_diff_drive_robot' build argument 'catkin_skip_building_tests' from command line to 'False'
[0.247s] DEBUG:colcon.colcon_core.verb:Building package 'el7009_diff_drive_robot' with the following arguments: {'ament_cmake_args': None, 'build_base': '/home/krobed/EL7009/Robotics/build/el7009_diff_drive_robot', 'catkin_cmake_args': None, 'catkin_skip_building_tests': False, 'cmake_args': None, 'cmake_clean_cache': False, 'cmake_clean_first': False, 'cmake_force_configure': False, 'cmake_target': None, 'cmake_target_skip_unavailable': False, 'install_base': '/home/krobed/EL7009/Robotics/install/el7009_diff_drive_robot', 'merge_install': False, 'path': '/home/krobed/EL7009/Robotics/el7009_diff_drive_robot', 'symlink_install': True, 'test_result_base': None}
[0.247s] INFO:colcon.colcon_core.executor:Executing jobs using 'parallel' executor
[0.249s] DEBUG:colcon.colcon_parallel_executor.executor.parallel:run_until_complete
[0.249s] INFO:colcon.colcon_ros.task.ament_cmake.build:Building ROS package in '/home/krobed/EL7009/Robotics/amcl_launch' with build type 'ament_cmake'
[0.249s] INFO:colcon.colcon_cmake.task.cmake.build:Building CMake package in '/home/krobed/EL7009/Robotics/amcl_launch'
[0.253s] INFO:colcon.colcon_core.plugin_system:Skipping extension 'colcon_core.shell.bat': Not used on non-Windows systems
[0.254s] INFO:colcon.colcon_core.shell:Skip shell extension 'powershell' for command environment: Not usable outside of PowerShell
[0.254s] DEBUG:colcon.colcon_core.shell:Skip shell extension 'dsv' for command environment
[0.256s] INFO:colcon.colcon_ros.task.ament_cmake.build:Building ROS package in '/home/krobed/EL7009/Robotics/el7009_diff_drive_robot' with build type 'ament_cmake'
[0.256s] INFO:colcon.colcon_cmake.task.cmake.build:Building CMake package in '/home/krobed/EL7009/Robotics/el7009_diff_drive_robot'
[0.256s] INFO:colcon.colcon_core.shell:Skip shell extension 'powershell' for command environment: Not usable outside of PowerShell
[0.257s] DEBUG:colcon.colcon_core.shell:Skip shell extension 'dsv' for command environment
[0.263s] DEBUG:colcon.colcon_core.event_handler.log_command:Invoking command in '/home/krobed/EL7009/Robotics/build/amcl_launch': DEBUGINFOD_URLS=https://debuginfod.ubuntu.com /usr/bin/cmake /home/krobed/EL7009/Robotics/amcl_launch -DAMENT_CMAKE_SYMLINK_INSTALL=1 -DCMAKE_INSTALL_PREFIX=/home/krobed/EL7009/Robotics/install/amcl_launch
[0.268s] DEBUG:colcon.colcon_core.event_handler.log_command:Invoking command in '/home/krobed/EL7009/Robotics/build/el7009_diff_drive_robot': DEBUGINFOD_URLS=https://debuginfod.ubuntu.com /usr/bin/cmake /home/krobed/EL7009/Robotics/el7009_diff_drive_robot -DAMENT_CMAKE_SYMLINK_INSTALL=1 -DCMAKE_INSTALL_PREFIX=/home/krobed/EL7009/Robotics/install/el7009_diff_drive_robot
[0.774s] DEBUG:colcon.colcon_core.event_handler.log_command:Invoked command in '/home/krobed/EL7009/Robotics/build/el7009_diff_drive_robot' returned '1': DEBUGINFOD_URLS=https://debuginfod.ubuntu.com /usr/bin/cmake /home/krobed/EL7009/Robotics/el7009_diff_drive_robot -DAMENT_CMAKE_SYMLINK_INSTALL=1 -DCMAKE_INSTALL_PREFIX=/home/krobed/EL7009/Robotics/install/el7009_diff_drive_robot
[0.777s] DEBUG:colcon.colcon_core.event_handler.log_command:Invoked command in '/home/krobed/EL7009/Robotics/build/amcl_launch' returned '1': DEBUGINFOD_URLS=https://debuginfod.ubuntu.com /usr/bin/cmake /home/krobed/EL7009/Robotics/amcl_launch -DAMENT_CMAKE_SYMLINK_INSTALL=1 -DCMAKE_INSTALL_PREFIX=/home/krobed/EL7009/Robotics/install/amcl_launch
[0.789s] Level 1:colcon.colcon_core.environment:create_environment_scripts_only(el7009_diff_drive_robot)
[0.792s] Level 1:colcon.colcon_core.environment:checking '/home/krobed/EL7009/Robotics/install/el7009_diff_drive_robot' for CMake module files
[0.792s] Level 1:colcon.colcon_core.environment:checking '/home/krobed/EL7009/Robotics/install/el7009_diff_drive_robot' for CMake config files
[0.793s] Level 1:colcon.colcon_core.environment:checking '/home/krobed/EL7009/Robotics/install/el7009_diff_drive_robot/bin'
[0.793s] Level 1:colcon.colcon_core.environment:checking '/home/krobed/EL7009/Robotics/install/el7009_diff_drive_robot/lib/pkgconfig/el7009_diff_drive_robot.pc'
[0.795s] Level 1:colcon.colcon_core.environment:checking '/home/krobed/EL7009/Robotics/install/el7009_diff_drive_robot/lib/python3.12/site-packages'
[0.795s] Level 1:colcon.colcon_core.environment:checking '/home/krobed/EL7009/Robotics/install/el7009_diff_drive_robot/bin'
[0.796s] INFO:colcon.colcon_core.shell:Creating package script '/home/krobed/EL7009/Robotics/install/el7009_diff_drive_robot/share/el7009_diff_drive_robot/package.ps1'
[0.796s] INFO:colcon.colcon_core.shell:Creating package descriptor '/home/krobed/EL7009/Robotics/install/el7009_diff_drive_robot/share/el7009_diff_drive_robot/package.dsv'
[0.797s] INFO:colcon.colcon_core.shell:Creating package script '/home/krobed/EL7009/Robotics/install/el7009_diff_drive_robot/share/el7009_diff_drive_robot/package.sh'
[0.798s] INFO:colcon.colcon_core.shell:Creating package script '/home/krobed/EL7009/Robotics/install/el7009_diff_drive_robot/share/el7009_diff_drive_robot/package.bash'
[0.798s] INFO:colcon.colcon_core.shell:Creating package script '/home/krobed/EL7009/Robotics/install/el7009_diff_drive_robot/share/el7009_diff_drive_robot/package.zsh'
[0.799s] Level 1:colcon.colcon_core.environment:create_file_with_runtime_dependencies(/home/krobed/EL7009/Robotics/install/el7009_diff_drive_robot/share/colcon-core/packages/el7009_diff_drive_robot)
[0.810s] DEBUG:colcon.colcon_parallel_executor.executor.parallel:closing loop
[0.811s] DEBUG:colcon.colcon_parallel_executor.executor.parallel:loop closed
[0.811s] DEBUG:colcon.colcon_parallel_executor.executor.parallel:run_until_complete finished with '1'
[0.811s] DEBUG:colcon.colcon_core.event_reactor:joining thread
[0.822s] INFO:colcon.colcon_core.plugin_system:Skipping extension 'colcon_notification.desktop_notification.terminal_notifier': Not used on non-Darwin systems
[0.822s] INFO:colcon.colcon_core.plugin_system:Skipping extension 'colcon_notification.desktop_notification.win32': Not used on non-Windows systems
[0.823s] INFO:colcon.colcon_notification.desktop_notification:Sending desktop notification using 'notify2'
[0.841s] DEBUG:colcon.colcon_core.event_reactor:joined thread
[0.842s] INFO:colcon.colcon_core.shell:Creating prefix script '/home/krobed/EL7009/Robotics/install/local_setup.ps1'
[0.843s] INFO:colcon.colcon_core.shell:Creating prefix util module '/home/krobed/EL7009/Robotics/install/_local_setup_util_ps1.py'
[0.844s] INFO:colcon.colcon_core.shell:Creating prefix chain script '/home/krobed/EL7009/Robotics/install/setup.ps1'
[0.848s] INFO:colcon.colcon_core.shell:Creating prefix script '/home/krobed/EL7009/Robotics/install/local_setup.sh'
[0.852s] INFO:colcon.colcon_core.shell:Creating prefix util module '/home/krobed/EL7009/Robotics/install/_local_setup_util_sh.py'
[0.856s] INFO:colcon.colcon_core.shell:Creating prefix chain script '/home/krobed/EL7009/Robotics/install/setup.sh'
[0.858s] INFO:colcon.colcon_core.shell:Creating prefix script '/home/krobed/EL7009/Robotics/install/local_setup.bash'
[0.859s] INFO:colcon.colcon_core.shell:Creating prefix chain script '/home/krobed/EL7009/Robotics/install/setup.bash'
[0.860s] INFO:colcon.colcon_core.shell:Creating prefix script '/home/krobed/EL7009/Robotics/install/local_setup.zsh'
[0.861s] INFO:colcon.colcon_core.shell:Creating prefix chain script '/home/krobed/EL7009/Robotics/install/setup.zsh'
